<?xml version="1.0" encoding="UTF-8"?>
<!-- Generated by org.testng.reporters.JUnitXMLReporter -->
<testsuite hostname="20dddad52158" ignored="0" name="MyApplication" tests="17" failures="0" timestamp="14 Aug 2018 09:58:28 GMT" time="120.821" errors="0">
  <testcase name="login" time="4.18" classname="uiTest.MyApplication"/>
  <testcase name="reviewAppInTheWork" time="8.475" classname="uiTest.MyApplication"/>
  <testcase name="updateAppWaitForPay" time="1.05" classname="uiTest.MyApplication">
    <skipped/>
  </testcase> <!-- updateAppWaitForPay -->
  <testcase name="updateAppWaitForPay" time="15.353" classname="uiTest.MyApplication"/>
  <testcase name="downloadAttachment" time="1.506" classname="uiTest.MyApplication">
    <skipped/>
  </testcase> <!-- downloadAttachment -->
  <testcase name="downloadAttachment" time="10.902" classname="uiTest.MyApplication"/>
  <testcase name="downloadAttachmentPopUp" time="2.103" classname="uiTest.MyApplication"/>
  <testcase name="rejectedAppToArchive" time="0.968" classname="uiTest.MyApplication">
    <skipped/>
  </testcase> <!-- rejectedAppToArchive -->
  <testcase name="rejectedAppToArchive" time="9.579" classname="uiTest.MyApplication"/>
  <testcase name="editAppWaitForPay" time="12.889" classname="uiTest.MyApplication"/>
  <testcase name="downloadAttachWhenEditApp" time="2.269" classname="uiTest.MyApplication"/>
  <testcase name="deleteAllAttachWhenEdit" time="5.768" classname="uiTest.MyApplication"/>
  <testcase name="cancelChangesEditApp" time="7.715" classname="uiTest.MyApplication"/>
  <testcase name="successPaymentWhenWaitForPayDoc" time="8.892" classname="uiTest.MyApplication"/>
  <testcase name="haveNotMoneyWhenWaitForPayDoc" time="3.919" classname="uiTest.MyApplication">
    <skipped/>
  </testcase> <!-- haveNotMoneyWhenWaitForPayDoc -->
  <testcase name="haveNotMoneyWhenWaitForPayDoc" time="12.106" classname="uiTest.MyApplication"/>
  <testcase name="sendToArchivWhenWaitForPay" time="7.382" classname="uiTest.MyApplication"/>
</testsuite> <!-- MyApplication -->
