<?xml version="1.0" encoding="UTF-8"?>
<!-- Generated by org.testng.reporters.JUnitXMLReporter -->
<testsuite hostname="20dddad52158" ignored="4" name="Profile" tests="37" failures="0" timestamp="14 Aug 2018 09:56:27 GMT" time="42.649" errors="0">
  <testcase name="successfulLogin" time="2.759" classname="uiTest.Profile"/>
  <testcase name="toProfile" time="0.22" classname="uiTest.Profile"/>
  <testcase name="uploadAvatarGIF" time="0.934" classname="uiTest.Profile"/>
  <testcase name="uploadAvatarBMP" time="0.503" classname="uiTest.Profile"/>
  <testcase name="uploadAvatarWEBP" time="0.576" classname="uiTest.Profile"/>
  <testcase name="uploadAvatarTIFF" time="0.509" classname="uiTest.Profile"/>
  <testcase name="uploadAvatarPNG" time="0.521" classname="uiTest.Profile"/>
  <testcase name="uploadAvatarJPG" time="0.788" classname="uiTest.Profile"/>
  <testcase name="deleteAva" time="0.68" classname="uiTest.Profile"/>
  <testcase name="dimensionsAva" time="0.803" classname="uiTest.Profile"/>
  <testcase name="editUploadedPhoto" time="1.0" classname="uiTest.Profile"/>
  <testcase name="verifyName" time="0.302" classname="uiTest.Profile"/>
  <testcase name="verifyName" time="0.607" classname="uiTest.Profile"/>
  <testcase name="verifyName" time="0.24" classname="uiTest.Profile"/>
  <testcase name="verifyName" time="0.26" classname="uiTest.Profile"/>
  <testcase name="verifyName" time="0.203" classname="uiTest.Profile"/>
  <testcase name="verifySurName" time="0.265" classname="uiTest.Profile"/>
  <testcase name="verifySurName" time="0.497" classname="uiTest.Profile"/>
  <testcase name="verifySurName" time="0.257" classname="uiTest.Profile"/>
  <testcase name="verifySurName" time="0.667" classname="uiTest.Profile"/>
  <testcase name="verifySurName" time="0.305" classname="uiTest.Profile"/>
  <testcase name="verifylastName" time="0.225" classname="uiTest.Profile"/>
  <testcase name="verifylastName" time="0.427" classname="uiTest.Profile"/>
  <testcase name="verifylastName" time="0.242" classname="uiTest.Profile"/>
  <testcase name="verifylastName" time="0.246" classname="uiTest.Profile"/>
  <testcase name="verifylastName" time="0.274" classname="uiTest.Profile"/>
  <testcase name="reviewHintMessage" time="0.126" classname="uiTest.Profile"/>
  <testcase name="verifyChangePassword" time="0.592" classname="uiTest.Profile"/>
  <testcase name="verifyChangePassword" time="0.415" classname="uiTest.Profile"/>
  <testcase name="verifyChangePassword" time="0.331" classname="uiTest.Profile"/>
  <testcase name="verifyChangePassword" time="0.657" classname="uiTest.Profile"/>
  <testcase name="verifyChangePassword" time="0.51" classname="uiTest.Profile"/>
  <testcase name="verifyChangePassword" time="0.828" classname="uiTest.Profile"/>
  <testcase name="verifyChangePassword" time="0.351" classname="uiTest.Profile"/>
  <testcase name="verifyConfirmPassword" time="3.66" classname="uiTest.Profile"/>
  <testcase name="verifyConfirmPassword" time="3.589" classname="uiTest.Profile"/>
  <testcase name="changePassword" time="0.734" classname="uiTest.Profile"/>
  <testcase name="verifyEmail" time="0.0" classname="uiTest.Profile">
    <ignored/>
  </testcase> <!-- verifyEmail -->
  <testcase name="verifyPhoneNamber" time="0.0" classname="uiTest.Profile">
    <ignored/>
  </testcase> <!-- verifyPhoneNamber -->
  <testcase name="uploadAvatarSVG" time="0.0" classname="uiTest.Profile">
    <ignored/>
  </testcase> <!-- uploadAvatarSVG -->
  <testcase name="uploadAvatar2MB" time="0.0" classname="uiTest.Profile">
    <ignored/>
  </testcase> <!-- uploadAvatar2MB -->
</testsuite> <!-- Profile -->
